# JRE version: Java(TM) SE Runtime Environment (8.0_171-b11) (build 1.8.0_171-b11)
# Java VM: Java HotSpot(TM) 64-Bit Server VM (25.171-b11 mixed mode windows-amd64 compressed oops)
Heap:
 PSYoungGen      total 7680K, used 4854K [0x00000000eb800000, 0x00000000eca00000, 0x0000000100000000)
  eden space 6144K, 79% used [0x00000000eb800000,0x00000000ebcbdaf0,0x00000000ebe00000)
  from space 1536K, 0% used [0x00000000ebe00000,0x00000000ebe00000,0x00000000ebf80000)
  to   space 3072K, 0% used [0x00000000ec700000,0x00000000ec700000,0x00000000eca00000)
 ParOldGen       total 10240K, used 5487K [0x00000000c2800000, 0x00000000c3200000, 0x00000000eb800000)
  object space 10240K, 53% used [0x00000000c2800000,0x00000000c2d5bd08,0x00000000c3200000)
 Metaspace       used 8408K, capacity 8864K, committed 9088K, reserved 1056768K
  class space    used 1023K, capacity 1044K, committed 1152K, reserved 1048576K
GC Heap History (10 events):
Event: 1.266 GC heap before
{Heap before GC invocations=4 (full 0):
 PSYoungGen      total 2048K, used 2039K [0x00000000eb800000, 0x00000000ebc00000, 0x0000000100000000)
  eden space 1536K, 99% used [0x00000000eb800000,0x00000000eb97f670,0x00000000eb980000)
  from space 512K, 98% used [0x00000000eb980000,0x00000000eb9fe620,0x00000000eba00000)
  to   space 512K, 0% used [0x00000000ebb80000,0x00000000ebb80000,0x00000000ebc00000)
 ParOldGen       total 5632K, used 736K [0x00000000c2800000, 0x00000000c2d80000, 0x00000000eb800000)
  object space 5632K, 13% used [0x00000000c2800000,0x00000000c28b8030,0x00000000c2d80000)
 Metaspace       used 5111K, capacity 6224K, committed 6400K, reserved 1056768K
  class space    used 622K, capacity 652K, committed 768K, reserved 1048576K
Event: 1.269 GC heap after
Heap after GC invocations=4 (full 0):
 PSYoungGen      total 3584K, used 504K [0x00000000eb800000, 0x00000000ebc00000, 0x0000000100000000)
  eden space 3072K, 0% used [0x00000000eb800000,0x00000000eb800000,0x00000000ebb00000)
  from space 512K, 98% used [0x00000000ebb80000,0x00000000ebbfe230,0x00000000ebc00000)
  to   space 512K, 0% used [0x00000000ebb00000,0x00000000ebb00000,0x00000000ebb80000)
 ParOldGen       total 5632K, used 792K [0x00000000c2800000, 0x00000000c2d80000, 0x00000000eb800000)
  object space 5632K, 14% used [0x00000000c2800000,0x00000000c28c6050,0x00000000c2d80000)
 Metaspace       used 5111K, capacity 6224K, committed 6400K, reserved 1056768K
  class space    used 622K, capacity 652K, committed 768K, reserved 1048576K
}
Event: 1.640 GC heap before
{Heap before GC invocations=5 (full 0):
 PSYoungGen      total 3584K, used 3576K [0x00000000eb800000, 0x00000000ebc00000, 0x0000000100000000)
  eden space 3072K, 100% used [0x00000000eb800000,0x00000000ebb00000,0x00000000ebb00000)
  from space 512K, 98% used [0x00000000ebb80000,0x00000000ebbfe230,0x00000000ebc00000)
  to   space 512K, 0% used [0x00000000ebb00000,0x00000000ebb00000,0x00000000ebb80000)
 ParOldGen       total 5632K, used 792K [0x00000000c2800000, 0x00000000c2d80000, 0x00000000eb800000)
  object space 5632K, 14% used [0x00000000c2800000,0x00000000c28c6050,0x00000000c2d80000)
 Metaspace       used 6194K, capacity 7220K, committed 7552K, reserved 1056768K
  class space    used 770K, capacity 816K, committed 896K, reserved 1048576K
Event: 1.643 GC heap after
Heap after GC invocations=5 (full 0):
 PSYoungGen      total 3584K, used 505K [0x00000000eb800000, 0x00000000ec100000, 0x0000000100000000)
  eden space 3072K, 0% used [0x00000000eb800000,0x00000000eb800000,0x00000000ebb00000)
  from space 512K, 98% used [0x00000000ebb00000,0x00000000ebb7e620,0x00000000ebb80000)
  to   space 1536K, 0% used [0x00000000ebf80000,0x00000000ebf80000,0x00000000ec100000)
 ParOldGen       total 5632K, used 1104K [0x00000000c2800000, 0x00000000c2d80000, 0x00000000eb800000)
  object space 5632K, 19% used [0x00000000c2800000,0x00000000c2914050,0x00000000c2d80000)
 Metaspace       used 6194K, capacity 7220K, committed 7552K, reserved 1056768K
  class space    used 770K, capacity 816K, committed 896K, reserved 1048576K
}
Event: 2.021 GC heap before
{Heap before GC invocations=6 (full 0):
 PSYoungGen      total 3584K, used 3393K [0x00000000eb800000, 0x00000000ec100000, 0x0000000100000000)
  eden space 3072K, 94% used [0x00000000eb800000,0x00000000ebad20e8,0x00000000ebb00000)
  from space 512K, 98% used [0x00000000ebb00000,0x00000000ebb7e620,0x00000000ebb80000)
  to   space 1536K, 0% used [0x00000000ebf80000,0x00000000ebf80000,0x00000000ec100000)
 ParOldGen       total 5632K, used 1104K [0x00000000c2800000, 0x00000000c2d80000, 0x00000000eb800000)
  object space 5632K, 19% used [0x00000000c2800000,0x00000000c2914050,0x00000000c2d80000)
 Metaspace       used 7301K, capacity 8084K, committed 8448K, reserved 1056768K
  class space    used 887K, capacity 912K, committed 1024K, reserved 1048576K
Event: 2.029 GC heap after
Heap after GC invocations=6 (full 0):
 PSYoungGen      total 7680K, used 1201K [0x00000000eb800000, 0x00000000ec100000, 0x0000000100000000)
  eden space 6144K, 0% used [0x00000000eb800000,0x00000000eb800000,0x00000000ebe00000)
  from space 1536K, 78% used [0x00000000ebf80000,0x00000000ec0ac760,0x00000000ec100000)
  to   space 1536K, 0% used [0x00000000ebe00000,0x00000000ebe00000,0x00000000ebf80000)
 ParOldGen       total 5632K, used 1112K [0x00000000c2800000, 0x00000000c2d80000, 0x00000000eb800000)
  object space 5632K, 19% used [0x00000000c2800000,0x00000000c2916050,0x00000000c2d80000)
 Metaspace       used 7301K, capacity 8084K, committed 8448K, reserved 1056768K
  class space    used 887K, capacity 912K, committed 1024K, reserved 1048576K
}
Event: 2.254 GC heap before
{Heap before GC invocations=7 (full 0):
 PSYoungGen      total 7680K, used 7345K [0x00000000eb800000, 0x00000000ec100000, 0x0000000100000000)
  eden space 6144K, 100% used [0x00000000eb800000,0x00000000ebe00000,0x00000000ebe00000)
  from space 1536K, 78% used [0x00000000ebf80000,0x00000000ec0ac760,0x00000000ec100000)
  to   space 1536K, 0% used [0x00000000ebe00000,0x00000000ebe00000,0x00000000ebf80000)
 ParOldGen       total 5632K, used 1112K [0x00000000c2800000, 0x00000000c2d80000, 0x00000000eb800000)
  object space 5632K, 19% used [0x00000000c2800000,0x00000000c2916050,0x00000000c2d80000)
 Metaspace       used 7327K, capacity 8084K, committed 8448K, reserved 1056768K
  class space    used 887K, capacity 912K, committed 1024K, reserved 1048576K
Event: 2.272 GC heap after
Heap after GC invocations=7 (full 0):
 PSYoungGen      total 7680K, used 1511K [0x00000000eb800000, 0x00000000eca00000, 0x0000000100000000)
  eden space 6144K, 0% used [0x00000000eb800000,0x00000000eb800000,0x00000000ebe00000)
  from space 1536K, 98% used [0x00000000ebe00000,0x00000000ebf79e48,0x00000000ebf80000)
  to   space 3072K, 0% used [0x00000000ec700000,0x00000000ec700000,0x00000000eca00000)
 ParOldGen       total 5632K, used 4103K [0x00000000c2800000, 0x00000000c2d80000, 0x00000000eb800000)
  object space 5632K, 72% used [0x00000000c2800000,0x00000000c2c01e50,0x00000000c2d80000)
 Metaspace       used 7327K, capacity 8084K, committed 8448K, reserved 1056768K
  class space    used 887K, capacity 912K, committed 1024K, reserved 1048576K
}
Event: 2.272 GC heap before
{Heap before GC invocations=8 (full 1):
 PSYoungGen      total 7680K, used 1511K [0x00000000eb800000, 0x00000000eca00000, 0x0000000100000000)
  eden space 6144K, 0% used [0x00000000eb800000,0x00000000eb800000,0x00000000ebe00000)
  from space 1536K, 98% used [0x00000000ebe00000,0x00000000ebf79e48,0x00000000ebf80000)
  to   space 3072K, 0% used [0x00000000ec700000,0x00000000ec700000,0x00000000eca00000)
 ParOldGen       total 5632K, used 4103K [0x00000000c2800000, 0x00000000c2d80000, 0x00000000eb800000)
  object space 5632K, 72% used [0x00000000c2800000,0x00000000c2c01e50,0x00000000c2d80000)
 Metaspace       used 7327K, capacity 8084K, committed 8448K, reserved 1056768K
  class space    used 887K, capacity 912K, committed 1024K, reserved 1048576K
Event: 2.406 GC heap after
Heap after GC invocations=8 (full 1):
 PSYoungGen      total 7680K, used 0K [0x00000000eb800000, 0x00000000eca00000, 0x0000000100000000)
  eden space 6144K, 0% used [0x00000000eb800000,0x00000000eb800000,0x00000000ebe00000)
  from space 1536K, 0% used [0x00000000ebe00000,0x00000000ebe00000,0x00000000ebf80000)
  to   space 3072K, 0% used [0x00000000ec700000,0x00000000ec700000,0x00000000eca00000)
 ParOldGen       total 10240K, used 5487K [0x00000000c2800000, 0x00000000c3200000, 0x00000000eb800000)
  object space 10240K, 53% used [0x00000000c2800000,0x00000000c2d5bd08,0x00000000c3200000)
 Metaspace       used 7327K, capacity 8084K, committed 8448K, reserved 1056768K
  class space    used 887K, capacity 912K, committed 1024K, reserved 1048576K
}

